Added Component: Designator=T?(WE-FB_EP13)
Add component (AddParameter): Name = "DC Resistance (DCR)"; Value = "115mO"; VariantName = "[No Variations]"
Add component (AddParameter): Name = "Depth"; Value = "12.7mm"; VariantName = "[No Variations]"
Add component (AddParameter): Name = "Frequency"; Value = "100kHz"; VariantName = "[No Variations]"
Add component (AddParameter): Name = "Height"; Value = "12.7mm"; VariantName = "[No Variations]"
Add component (AddParameter): Name = "Height - Seated (Max)"; Value = "12.7mm"; VariantName = "[No Variations]"
Add component (AddParameter): Name = "Inductance"; Value = "50µH"; VariantName = "[No Variations]"
Add component (AddParameter): Name = "Input Current"; Value = "4A"; VariantName = "[No Variations]"
Add component (AddParameter): Name = "Isolation Voltage"; Value = "2.5kV"; VariantName = "[No Variations]"
Add component (AddParameter): Name = "Lead Free"; Value = "Lead Free"; VariantName = "[No Variations]"
Add component (AddParameter): Name = "Length"; Value = "13.46mm"; VariantName = "[No Variations]"
Add component (AddParameter): Name = "Max Operating Temperature"; Value = "125°C"; VariantName = "[No Variations]"
Add component (AddParameter): Name = "Min Input Voltage"; Value = "36V"; VariantName = "[No Variations]"
Add component (AddParameter): Name = "Min Operating Temperature"; Value = "-40°C"; VariantName = "[No Variations]"
Add component (AddParameter): Name = "Mount"; Value = "Surface Mount"; VariantName = "[No Variations]"
Add component (AddParameter): Name = "NexarPartId"; Value = "19122536"; VariantName = "[No Variations]"
Add component (AddParameter): Name = "Output Current"; Value = "4A"; VariantName = "[No Variations]"
Add component (AddParameter): Name = "Output Power"; Value = "20W"; VariantName = "[No Variations]"
Add component (AddParameter): Name = "Output Voltage"; Value = "5V"; VariantName = "[No Variations]"
Add component (AddParameter): Name = "Packaging"; Value = "Digi-Reel®"; VariantName = "[No Variations]"
Add component (AddParameter): Name = "REACH SVHC"; Value = "Unknown"; VariantName = "[No Variations]"
Add component (AddParameter): Name = "RoHS"; Value = "Compliant"; VariantName = "[No Variations]"
Add component (AddParameter): Name = "Turns Ratio"; Value = "4:1"; VariantName = "[No Variations]"
Add component (AddParameter): Name = "Width"; Value = "17.75mm"; VariantName = "[No Variations]"
Added Class: Name=Sheet1
